<?xml version="1.0" encoding="UTF-8"?>
<!-- Generated by org.testng.reporters.JUnitXMLReporter -->
<testsuite hostname="Phans-MacBook-Pro.local" ignored="0" name="Default test" tests="2" failures="0" timestamp="05 Jan 2017 23:28:45 GMT" time="116.857" errors="0">
  <testcase name="SuiteOneCaseOneTest" time="102.327" classname="com.stta.SuiteOne.SuiteOneCaseOne"/>
  <testcase name="SuiteOneCaseOneTest" time="12.433" classname="com.stta.SuiteOne.SuiteOneCaseOne"/>
</testsuite> <!-- Default test -->
