<?xml version="1.0" encoding="UTF-8"?>
<!-- Generated by org.testng.reporters.JUnitXMLReporter -->
<testsuite hostname="Phans-MacBook-Pro.local" ignored="0" name="SuiteOneCaseOne" tests="1" failures="1" timestamp="02 Jan 2017 20:59:03 GMT" time="0.109" errors="0">
  <testcase name="@BeforeTest checkCaseToRun" time="0.0" classname="com.stta.SuiteOne.SuiteOneCaseOne">
    <skipped/>
  </testcase> <!-- @BeforeTest checkCaseToRun -->
  <testcase name="SuiteOneCaseOneTest" time="0.033" classname="com.stta.SuiteOne.SuiteOneCaseOne">
    <failure type="org.testng.internal.reflect.MethodMatcherException" message="
Data provider mismatch
Method: SuiteOneCaseOneTest([Parameter{index=0, type=java.lang.String, declaredAnnotations=[]}, Parameter{index=1, type=java.lang.String, declaredAnnotations=[]}, Parameter{index=2, type=java.lang.String, declaredAnnotations=[]}, Parameter{index=3, type=java.lang.String, declaredAnnotations=[]}])
Arguments: [(java.lang.String)9,(java.lang.String)5,(java.lang.String)7,(java.lang.String)21,(java.lang.String)y]">
      <![CDATA[org.testng.internal.reflect.MethodMatcherException: 
Data provider mismatch
Method: SuiteOneCaseOneTest([Parameter{index=0, type=java.lang.String, declaredAnnotations=[]}, Parameter{index=1, type=java.lang.String, declaredAnnotations=[]}, Parameter{index=2, type=java.lang.String, declaredAnnotations=[]}, Parameter{index=3, type=java.lang.String, declaredAnnotations=[]}])
Arguments: [(java.lang.String)9,(java.lang.String)5,(java.lang.String)7,(java.lang.String)21,(java.lang.String)y]
... Removed 21 stack frames]]>
    </failure>
  </testcase> <!-- SuiteOneCaseOneTest -->
</testsuite> <!-- SuiteOneCaseOne -->
