<?xml version="1.0" encoding="UTF-8"?>
<!-- Generated by org.testng.reporters.JUnitXMLReporter -->
<testsuite hostname="Phans-MacBook-Pro.local" ignored="0" name="SuiteOneCaseTwo" tests="2" failures="0" timestamp="02 Jan 2017 20:59:03 GMT" time="0.026" errors="0">
  <testcase name="SuiteOneCaseTwoTest" time="0.002" classname="com.stta.SuiteOne.SuiteOneCaseTwo"/>
  <testcase name="SuiteOneCaseTwoTest" time="0.003" classname="com.stta.SuiteOne.SuiteOneCaseTwo"/>
</testsuite> <!-- SuiteOneCaseTwo -->
