<?xml version="1.0" encoding="UTF-8"?>
<!-- Generated by org.testng.reporters.JUnitXMLReporter -->
<testsuite hostname="Phans-MacBook-Pro.local" ignored="0" name="SuiteTwoCaseOne" tests="2" failures="0" timestamp="02 Jan 2017 20:59:03 GMT" time="0.032" errors="0">
  <testcase name="SuiteOneCaseOneTest" time="0.001" classname="com.stta.SuiteTwo.SuiteTwoCaseOne"/>
  <testcase name="SuiteOneCaseOneTest" time="0.002" classname="com.stta.SuiteTwo.SuiteTwoCaseOne"/>
</testsuite> <!-- SuiteTwoCaseOne -->
