<?xml version="1.0" encoding="UTF-8"?>
<!-- Generated by org.testng.reporters.JUnitXMLReporter -->
<testsuite hostname="Phans-MacBook-Pro.local" ignored="0" name="SuiteTwoCaseTwo" tests="2" failures="0" timestamp="02 Jan 2017 20:59:03 GMT" time="0.04" errors="0">
  <testcase name="SuiteOneCaseOneTest" time="0.003" classname="com.stta.SuiteTwo.SuiteTwoCaseTwo"/>
  <testcase name="SuiteOneCaseOneTest" time="0.005" classname="com.stta.SuiteTwo.SuiteTwoCaseTwo"/>
</testsuite> <!-- SuiteTwoCaseTwo -->
